<?xml version="1.0" encoding="UTF-8"?>
<testsuite xmlns:xsi="http://www.w3.org/2001/XMLSchema-instance" xsi:noNamespaceSchemaLocation="https://maven.apache.org/surefire/maven-surefire-plugin/xsd/surefire-test-report-3.0.xsd" version="3.0" name="hometest.at_tHomeTest" time="5.269" tests="5" errors="0" skipped="3" failures="2">
  <properties>
[...]
</properties>
  <testcase name="setUp" classname="hometest.at_tHomeTest" time="4.472">
    <failure message="The driver is not executable: /Users/nafisshamsuzzoha/SeleniumBootCampTeam2/at_t/../Generic/BrowserDriver/windows/chromedriver.exe" type="java.lang.IllegalStateException"><![CDATA[java.lang.IllegalStateException: The driver is not executable: /Users/nafisshamsuzzoha/SeleniumBootCampTeam2/at_t/../Generic/BrowserDriver/windows/chromedriver.exe
]]></failure>
    <system-out><![CDATA[Extent Report Directory/Users/nafisshamsuzzoha/SeleniumBootCampTeam2/at_t/target/surefire-reports/html
]]></system-out>
    <system-err><![CDATA[Jun 24, 2020 3:20:25 PM com.relevantcodes.extentreports.ExtentReports loadConfig
WARNING: Unable to perform report configuration. The file /Users/nafisshamsuzzoha/SeleniumBootCampTeam2/at_t/report-config.xml was not found.
]]></system-err>
  </testcase>
  <testcase name="startExtent" classname="hometest.at_tHomeTest" time="0">
    <skipped/>
  </testcase>
  <testcase name="testHoverOnBusiness" classname="hometest.at_tHomeTest" time="0">
    <skipped message="The driver is not executable: /Users/nafisshamsuzzoha/SeleniumBootCampTeam2/at_t/../Generic/BrowserDriver/windows/chromedriver.exe"/>
  </testcase>
  <testcase name="afterEachTestMethod" classname="hometest.at_tHomeTest" time="0">
    <skipped/>
  </testcase>
  <testcase name="cleanUp" classname="hometest.at_tHomeTest" time="0">
    <failure type="java.lang.NullPointerException"><![CDATA[java.lang.NullPointerException
]]></failure>
  </testcase>
</testsuite>