<?xml version="1.0" encoding="UTF-8"?>
<testng-results ignored="0" total="1" passed="1" failed="0" skipped="0">
  <reporter-output>
    <line>
      <![CDATA[Extent Report Directory/Users/kahinaayouni/IdeaProjects/SeleniumBootCampTeam2/Delta_Airline/target/surefire-reports/html]]>
    </line>
  </reporter-output>
  <suite started-at="2020-06-05T20:42:01 EDT" name="Delta_Airline Automation Script" finished-at="2020-06-05T20:42:14 EDT" duration-ms="12983">
    <groups>
    </groups>
    <test started-at="2020-06-05T20:42:01 EDT" name="Delta_AirlineHomePage" finished-at="2020-06-05T20:42:14 EDT" duration-ms="12983">
      <class name="hometest.Delta_AirlineHomeTest">
        <test-method is-config="true" signature="extentSetup(org.testng.ITestContext)[pri:0, instance:hometest.Delta_AirlineHomeTest@275710fc]" started-at="2020-06-05T20:42:01 EDT" name="extentSetup" finished-at="2020-06-05T20:42:01 EDT" duration-ms="220" status="PASS">
          <params>
            <param index="0">
              <value>
                <![CDATA[org.testng.TestRunner@76f10035]]>
              </value>
            </param>
          </params>
          <reporter-output>
            <line>
              <![CDATA[Extent Report Directory/Users/kahinaayouni/IdeaProjects/SeleniumBootCampTeam2/Delta_Airline/target/surefire-reports/html]]>
            </line>
          </reporter-output>
        </test-method> <!-- extentSetup -->
        <test-method is-config="true" signature="setUp(boolean, java.lang.String, java.lang.String, java.lang.String, java.lang.String, java.lang.String, java.lang.String)[pri:0, instance:hometest.Delta_AirlineHomeTest@275710fc]" started-at="2020-06-05T20:42:01 EDT" name="setUp" finished-at="2020-06-05T20:42:08 EDT" duration-ms="6596" status="PASS">
          <params>
            <param index="0">
              <value>
                <![CDATA[true]]>
              </value>
            </param>
            <param index="1">
              <value>
                <![CDATA[browserstack]]>
              </value>
            </param>
            <param index="2">
              <value>
                <![CDATA[OS X]]>
              </value>
            </param>
            <param index="3">
              <value>
                <![CDATA[Catalina]]>
              </value>
            </param>
            <param index="4">
              <value>
                <![CDATA[chrome]]>
              </value>
            </param>
            <param index="5">
              <value>
                <![CDATA[83]]>
              </value>
            </param>
            <param index="6">
              <value>
                <![CDATA[https://www.delta.com/]]>
              </value>
            </param>
          </params>
          <reporter-output>
          </reporter-output>
        </test-method> <!-- setUp -->
        <test-method is-config="true" signature="startExtent(java.lang.reflect.Method)[pri:0, instance:hometest.Delta_AirlineHomeTest@275710fc]" started-at="2020-06-05T20:42:08 EDT" name="startExtent" finished-at="2020-06-05T20:42:08 EDT" duration-ms="5" status="PASS">
          <params>
            <param index="0">
              <value>
                <![CDATA[public void hometest.Delta_AirlineHomeTest.testDeltaCarriersSearchPage()]]>
              </value>
            </param>
          </params>
          <reporter-output>
          </reporter-output>
        </test-method> <!-- startExtent -->
        <test-method signature="testDeltaCarriersSearchPage()[pri:0, instance:hometest.Delta_AirlineHomeTest@275710fc]" started-at="2020-06-05T20:42:08 EDT" name="testDeltaCarriersSearchPage" finished-at="2020-06-05T20:42:14 EDT" duration-ms="5721" status="PASS">
          <reporter-output>
          </reporter-output>
        </test-method> <!-- testDeltaCarriersSearchPage -->
        <test-method is-config="true" signature="afterEachTestMethod(org.testng.ITestResult)[pri:0, instance:hometest.Delta_AirlineHomeTest@275710fc]" started-at="2020-06-05T20:42:14 EDT" name="afterEachTestMethod" finished-at="2020-06-05T20:42:14 EDT" duration-ms="640" status="PASS">
          <params>
            <param index="0">
              <value>
                <![CDATA[[TestResult name=testDeltaCarriersSearchPage status=SUCCESS method=Delta_AirlineHomeTest.testDeltaCarriersSearchPage()[pri:0, instance:hometest.Delta_AirlineHomeTest@275710fc] output={null}]]]>
              </value>
            </param>
          </params>
          <reporter-output>
          </reporter-output>
        </test-method> <!-- afterEachTestMethod -->
        <test-method is-config="true" signature="cleanUp()[pri:0, instance:hometest.Delta_AirlineHomeTest@275710fc]" started-at="2020-06-05T20:42:14 EDT" name="cleanUp" finished-at="2020-06-05T20:42:14 EDT" duration-ms="0" status="PASS">
          <reporter-output>
          </reporter-output>
        </test-method> <!-- cleanUp -->
        <test-method is-config="true" signature="generateReport()[pri:0, instance:hometest.Delta_AirlineHomeTest@275710fc]" started-at="2020-06-05T20:42:14 EDT" name="generateReport" finished-at="2020-06-05T20:42:14 EDT" duration-ms="25" status="PASS">
          <reporter-output>
          </reporter-output>
        </test-method> <!-- generateReport -->
      </class> <!-- hometest.Delta_AirlineHomeTest -->
    </test> <!-- Delta_AirlineHomePage -->
  </suite> <!-- Delta_Airline Automation Script -->
</testng-results>
