<?xml version="1.0" encoding="UTF-8"?>
<testsuite xmlns:xsi="http://www.w3.org/2001/XMLSchema-instance" xsi:noNamespaceSchemaLocation="https://maven.apache.org/surefire/maven-surefire-plugin/xsd/surefire-test-report-3.0.xsd" version="3.0" name="TestSuite" time="3.349" tests="20" errors="0" skipped="15" failures="5">
  <properties>
[...]
</properties>
  <testcase name="setUp" classname="hometest.Delta_AirlineHomeTest" time="2.966">
    <failure message="session not created: This version of ChromeDriver only supports Chrome version 84&#10;Build info: version: &apos;3.141.59&apos;, revision: &apos;e82be7d358&apos;, time: &apos;2018-11-14T08:17:03&apos;&#10;System info: host: &apos;kahinas-MBP.fios-router.home&apos;, ip: &apos;fe80:0:0:0:49c:cb56:ec61:ff8f%en0&apos;, os.name: &apos;Mac OS X&apos;, os.arch: &apos;x86_64&apos;, os.version: &apos;10.15.4&apos;, java.version: &apos;13.0.2&apos;&#10;Driver info: driver.version: ChromeDriver&#10;remote stacktrace: 0   chromedriver                        0x000000010dcc2c49 chromedriver + 4893769&#10;1   chromedriver                        0x000000010dc5c0e3 chromedriver + 4473059&#10;2   chromedriver                        0x000000010d8cf8fd chromedriver + 751869&#10;3   chromedriver                        0x000000010d8313b9 chromedriver + 103353&#10;4   chromedriver                        0x000000010d82d696 chromedriver + 87702&#10;5   chromedriver                        0x000000010d82a9b9 chromedriver + 76217&#10;6   chromedriver                        0x000000010d85d043 chromedriver + 282691&#10;7   chromedriver                        0x000000010d859e43 chromedriver + 269891&#10;8   chromedriver                        0x000000010d83362a chromedriver + 112170&#10;9   chromedriver                        0x000000010d834635 chromedriver + 116277&#10;10  chromedriver                        0x000000010dc845af chromedriver + 4638127&#10;11  chromedriver                        0x000000010dc9191b chromedriver + 4692251&#10;12  chromedriver                        0x000000010dc916bb chromedriver + 4691643&#10;13  chromedriver                        0x000000010dc68109 chromedriver + 4522249&#10;14  chromedriver                        0x000000010dc91ea3 chromedriver + 4693667&#10;15  chromedriver                        0x000000010dc7a073 chromedriver + 4595827&#10;16  chromedriver                        0x000000010dca9094 chromedriver + 4788372&#10;17  chromedriver                        0x000000010dcc8db7 chromedriver + 4918711&#10;18  libsystem_pthread.dylib             0x00007fff6b4c6109 _pthread_start + 148&#10;19  libsystem_pthread.dylib             0x00007fff6b4c1b8b thread_start + 15&#10;" type="org.openqa.selenium.SessionNotCreatedException"><![CDATA[org.openqa.selenium.SessionNotCreatedException: 
session not created: This version of ChromeDriver only supports Chrome version 84
Build info: version: '3.141.59', revision: 'e82be7d358', time: '2018-11-14T08:17:03'
System info: host: 'kahinas-MBP.fios-router.home', ip: 'fe80:0:0:0:49c:cb56:ec61:ff8f%en0', os.name: 'Mac OS X', os.arch: 'x86_64', os.version: '10.15.4', java.version: '13.0.2'
Driver info: driver.version: ChromeDriver
remote stacktrace: 0   chromedriver                        0x000000010dcc2c49 chromedriver + 4893769
1   chromedriver                        0x000000010dc5c0e3 chromedriver + 4473059
2   chromedriver                        0x000000010d8cf8fd chromedriver + 751869
3   chromedriver                        0x000000010d8313b9 chromedriver + 103353
4   chromedriver                        0x000000010d82d696 chromedriver + 87702
5   chromedriver                        0x000000010d82a9b9 chromedriver + 76217
6   chromedriver                        0x000000010d85d043 chromedriver + 282691
7   chromedriver                        0x000000010d859e43 chromedriver + 269891
8   chromedriver                        0x000000010d83362a chromedriver + 112170
9   chromedriver                        0x000000010d834635 chromedriver + 116277
10  chromedriver                        0x000000010dc845af chromedriver + 4638127
11  chromedriver                        0x000000010dc9191b chromedriver + 4692251
12  chromedriver                        0x000000010dc916bb chromedriver + 4691643
13  chromedriver                        0x000000010dc68109 chromedriver + 4522249
14  chromedriver                        0x000000010dc91ea3 chromedriver + 4693667
15  chromedriver                        0x000000010dc7a073 chromedriver + 4595827
16  chromedriver                        0x000000010dca9094 chromedriver + 4788372
17  chromedriver                        0x000000010dcc8db7 chromedriver + 4918711
18  libsystem_pthread.dylib             0x00007fff6b4c6109 _pthread_start + 148
19  libsystem_pthread.dylib             0x00007fff6b4c1b8b thread_start + 15

]]></failure>
    <system-out><![CDATA[Extent Report Directory/Users/kahinaayouni/IdeaProjects/SeleniumBootCampTeam2/Delta_Airline/target/surefire-reports/html
]]></system-out>
    <system-err><![CDATA[Starting ChromeDriver 84.0.4147.30 (48b3e868b4cc0aa7e8149519690b6f6949e110a8-refs/branch-heads/4147@{#310}) on port 27523
Only local connections are allowed.
Please see https://chromedriver.chromium.org/security-considerations for suggestions on keeping ChromeDriver safe.
ChromeDriver was started successfully.
]]></system-err>
  </testcase>
  <testcase name="setUp" classname="hometest.Delta_AirlineHomeTest" time="0">
    <skipped/>
  </testcase>
  <testcase name="setUp" classname="hometest.Delta_AirlineHomeTest" time="0">
    <skipped/>
  </testcase>
  <testcase name="setUp" classname="hometest.Delta_AirlineHomeTest" time="0">
    <skipped/>
  </testcase>
  <testcase name="startExtent" classname="hometest.Delta_AirlineHomeTest" time="0">
    <skipped/>
  </testcase>
  <testcase name="startExtent" classname="hometest.Delta_AirlineHomeTest" time="0">
    <skipped/>
  </testcase>
  <testcase name="startExtent" classname="hometest.Delta_AirlineHomeTest" time="0">
    <skipped/>
  </testcase>
  <testcase name="startExtent" classname="hometest.Delta_AirlineHomeTest" time="0">
    <skipped/>
  </testcase>
  <testcase name="testCheckFlightStatus" classname="hometest.Delta_AirlineHomeTest" time="0">
    <skipped message="session not created: This version of ChromeDriver only supports Chrome version 84&#10;Build info: version: &apos;3.141.59&apos;, revision: &apos;e82be7d358&apos;, time: &apos;2018-11-14T08:17:03&apos;&#10;System info: host: &apos;kahinas-MBP.fios-router.home&apos;, ip: &apos;fe80:0:0:0:49c:cb56:ec61:ff8f%en0&apos;, os.name: &apos;Mac OS X&apos;, os.arch: &apos;x86_64&apos;, os.version: &apos;10.15.4&apos;, java.version: &apos;13.0.2&apos;&#10;Driver info: driver.version: ChromeDriver&#10;remote stacktrace: 0   chromedriver                        0x000000010dcc2c49 chromedriver + 4893769&#10;1   chromedriver                        0x000000010dc5c0e3 chromedriver + 4473059&#10;2   chromedriver                        0x000000010d8cf8fd chromedriver + 751869&#10;3   chromedriver                        0x000000010d8313b9 chromedriver + 103353&#10;4   chromedriver                        0x000000010d82d696 chromedriver + 87702&#10;5   chromedriver                        0x000000010d82a9b9 chromedriver + 76217&#10;6   chromedriver                        0x000000010d85d043 chromedriver + 282691&#10;7   chromedriver                        0x000000010d859e43 chromedriver + 269891&#10;8   chromedriver                        0x000000010d83362a chromedriver + 112170&#10;9   chromedriver                        0x000000010d834635 chromedriver + 116277&#10;10  chromedriver                        0x000000010dc845af chromedriver + 4638127&#10;11  chromedriver                        0x000000010dc9191b chromedriver + 4692251&#10;12  chromedriver                        0x000000010dc916bb chromedriver + 4691643&#10;13  chromedriver                        0x000000010dc68109 chromedriver + 4522249&#10;14  chromedriver                        0x000000010dc91ea3 chromedriver + 4693667&#10;15  chromedriver                        0x000000010dc7a073 chromedriver + 4595827&#10;16  chromedriver                        0x000000010dca9094 chromedriver + 4788372&#10;17  chromedriver                        0x000000010dcc8db7 chromedriver + 4918711&#10;18  libsystem_pthread.dylib             0x00007fff6b4c6109 _pthread_start + 148&#10;19  libsystem_pthread.dylib             0x00007fff6b4c1b8b thread_start + 15&#10;"/>
  </testcase>
  <testcase name="afterEachTestMethod" classname="hometest.Delta_AirlineHomeTest" time="0">
    <skipped/>
  </testcase>
  <testcase name="afterEachTestMethod" classname="hometest.Delta_AirlineHomeTest" time="0">
    <skipped/>
  </testcase>
  <testcase name="afterEachTestMethod" classname="hometest.Delta_AirlineHomeTest" time="0">
    <skipped/>
  </testcase>
  <testcase name="afterEachTestMethod" classname="hometest.Delta_AirlineHomeTest" time="0">
    <skipped/>
  </testcase>
  <testcase name="cleanUp" classname="hometest.Delta_AirlineHomeTest" time="0.001">
    <failure type="java.lang.NullPointerException"><![CDATA[java.lang.NullPointerException
]]></failure>
  </testcase>
  <testcase name="cleanUp" classname="hometest.Delta_AirlineHomeTest" time="0.001">
    <failure type="java.lang.NullPointerException"><![CDATA[java.lang.NullPointerException
]]></failure>
  </testcase>
  <testcase name="cleanUp" classname="hometest.Delta_AirlineHomeTest" time="0.001">
    <failure type="java.lang.NullPointerException"><![CDATA[java.lang.NullPointerException
]]></failure>
  </testcase>
  <testcase name="cleanUp" classname="hometest.Delta_AirlineHomeTest" time="0.002">
    <failure type="java.lang.NullPointerException"><![CDATA[java.lang.NullPointerException
]]></failure>
  </testcase>
  <testcase name="testCheckNotifications" classname="hometest.Delta_AirlineHomeTest" time="0">
    <skipped/>
  </testcase>
  <testcase name="testDeltaCarriersSearchPage" classname="hometest.Delta_AirlineHomeTest" time="0">
    <skipped/>
  </testcase>
  <testcase name="testSearchButton" classname="hometest.Delta_AirlineHomeTest" time="0">
    <skipped/>
  </testcase>
</testsuite>